<?xml version="1.0" encoding="UTF-8"?>
<testng-results skipped="0" failed="0" total="1" passed="1">
  <reporter-output>
  </reporter-output>
  <suite name="Surefire suite" duration-ms="13292" started-at="2018-07-19T13:49:07Z" finished-at="2018-07-19T13:49:20Z">
    <groups>
    </groups>
    <test name="Surefire test" duration-ms="13292" started-at="2018-07-19T13:49:07Z" finished-at="2018-07-19T13:49:20Z">
      <class name="com.kaviddiss.bootquartz.ApplicationTest">
        <test-method status="PASS" signature="springTestContextBeforeTestClass()" name="springTestContextBeforeTestClass" is-config="true" duration-ms="8" started-at="2018-07-19T13:49:07Z" finished-at="2018-07-19T13:49:07Z">
        </test-method>
        <test-method status="PASS" signature="springTestContextPrepareTestInstance()" name="springTestContextPrepareTestInstance" is-config="true" duration-ms="8089" started-at="2018-07-19T13:49:07Z" depends-on-methods="org.springframework.test.context.testng.AbstractTestNGSpringContextTests.springTestContextBeforeTestClass" finished-at="2018-07-19T13:49:15Z">
        </test-method>
        <test-method status="PASS" signature="springTestContextBeforeTestMethod(java.lang.reflect.Method)" name="springTestContextBeforeTestMethod" is-config="true" duration-ms="43" started-at="2018-07-19T13:49:15Z" finished-at="2018-07-19T13:49:15Z">
          <params>
            <param index="0">
              <value>
                <![CDATA[public void com.kaviddiss.bootquartz.ApplicationTest.test() throws java.lang.Exception]]>
              </value>
            </param>
          </params>
        </test-method>
        <test-method status="PASS" signature="test()" name="test" duration-ms="5063" started-at="2018-07-19T13:49:15Z" finished-at="2018-07-19T13:49:20Z">
        </test-method>
        <test-method status="PASS" signature="springTestContextAfterTestMethod(java.lang.reflect.Method)" name="springTestContextAfterTestMethod" is-config="true" duration-ms="83" started-at="2018-07-19T13:49:20Z" finished-at="2018-07-19T13:49:20Z">
          <params>
            <param index="0">
              <value>
                <![CDATA[public void com.kaviddiss.bootquartz.ApplicationTest.test() throws java.lang.Exception]]>
              </value>
            </param>
          </params>
        </test-method>
        <test-method status="PASS" signature="springTestContextAfterTestClass()" name="springTestContextAfterTestClass" is-config="true" duration-ms="0" started-at="2018-07-19T13:49:20Z" finished-at="2018-07-19T13:49:20Z">
        </test-method>
      </class>
    </test>
  </suite>
</testng-results>
